c:\users\kbc16b18\documents\ゲームpg\actiongame\game\game\x64\release\game.pch
c:\users\kbc16b18\documents\ゲームpg\actiongame\game\game\x64\release\vc140.pdb
c:\users\kbc16b18\documents\ゲームpg\actiongame\game\game\x64\release\stdafx.obj
c:\users\kbc16b18\documents\ゲームpg\actiongame\game\game\x64\release\startmenu.obj
c:\users\kbc16b18\documents\ゲームpg\actiongame\game\game\x64\release\skelton.obj
c:\users\kbc16b18\documents\ゲームpg\actiongame\game\game\x64\release\playerhpbar.obj
c:\users\kbc16b18\documents\ゲームpg\actiongame\game\game\x64\release\player.obj
c:\users\kbc16b18\documents\ゲームpg\actiongame\game\game\x64\release\mapchip.obj
c:\users\kbc16b18\documents\ゲームpg\actiongame\game\game\x64\release\map.obj
c:\users\kbc16b18\documents\ゲームpg\actiongame\game\game\x64\release\main.obj
c:\users\kbc16b18\documents\ゲームpg\actiongame\game\game\x64\release\enemy.obj
c:\users\kbc16b18\documents\ゲームpg\actiongame\game\game\x64\release\coin.obj
c:\users\kbc16b18\documents\ゲームpg\actiongame\game\game\x64\release\camera.obj
c:\users\kbc16b18\documents\ゲームpg\actiongame\game\game\x64\release\bullet.obj
c:\users\kbc16b18\documents\ゲームpg\actiongame\game\game\x64\release\heal.obj
c:\users\kbc16b18\documents\ゲームpg\actiongame\game\game\x64\release\clearmarker.obj
c:\users\kbc16b18\documents\ゲームpg\actiongame\game\x64\release\game.exe
c:\users\kbc16b18\documents\ゲームpg\actiongame\game\x64\release\game.pdb
c:\users\kbc16b18\documents\ゲームpg\actiongame\game\game\x64\release\game.tlog\cl.command.1.tlog
c:\users\kbc16b18\documents\ゲームpg\actiongame\game\game\x64\release\game.tlog\cl.read.1.tlog
c:\users\kbc16b18\documents\ゲームpg\actiongame\game\game\x64\release\game.tlog\cl.write.1.tlog
c:\users\kbc16b18\documents\ゲームpg\actiongame\game\game\x64\release\game.tlog\link.command.1.tlog
c:\users\kbc16b18\documents\ゲームpg\actiongame\game\game\x64\release\game.tlog\link.read.1.tlog
c:\users\kbc16b18\documents\ゲームpg\actiongame\game\game\x64\release\game.tlog\link.write.1.tlog
