c:\users\kbc16b18\documents\ゲームpg\actiongame\game\game\x64\debug\game.pch
c:\users\kbc16b18\documents\ゲームpg\actiongame\game\game\x64\debug\vc140.pdb
c:\users\kbc16b18\documents\ゲームpg\actiongame\game\game\x64\debug\vc140.idb
c:\users\kbc16b18\documents\ゲームpg\actiongame\game\game\x64\debug\stdafx.obj
c:\users\kbc16b18\documents\ゲームpg\actiongame\game\game\x64\debug\background.obj
c:\users\kbc16b18\documents\ゲームpg\actiongame\game\game\x64\debug\bullet.obj
c:\users\kbc16b18\documents\ゲームpg\actiongame\game\game\x64\debug\camera.obj
c:\users\kbc16b18\documents\ゲームpg\actiongame\game\game\x64\debug\clearmarker.obj
c:\users\kbc16b18\documents\ゲームpg\actiongame\game\game\x64\debug\coin.obj
c:\users\kbc16b18\documents\ゲームpg\actiongame\game\game\x64\debug\enemy.obj
c:\users\kbc16b18\documents\ゲームpg\actiongame\game\game\x64\debug\heal.obj
c:\users\kbc16b18\documents\ゲームpg\actiongame\game\game\x64\debug\main.obj
c:\users\kbc16b18\documents\ゲームpg\actiongame\game\game\x64\debug\map.obj
c:\users\kbc16b18\documents\ゲームpg\actiongame\game\game\x64\debug\mapchip.obj
c:\users\kbc16b18\documents\ゲームpg\actiongame\game\game\x64\debug\player.obj
c:\users\kbc16b18\documents\ゲームpg\actiongame\game\game\x64\debug\playerhpbar.obj
c:\users\kbc16b18\documents\ゲームpg\actiongame\game\game\x64\debug\skelton.obj
c:\users\kbc16b18\documents\ゲームpg\actiongame\game\game\x64\debug\startmenu.obj
c:\users\kbc16b18\documents\ゲームpg\actiongame\game\x64\debug\game.ilk
c:\users\kbc16b18\documents\ゲームpg\actiongame\game\x64\debug\game.exe
c:\users\kbc16b18\documents\ゲームpg\actiongame\game\x64\debug\game.pdb
c:\users\kbc16b18\documents\ゲームpg\actiongame\game\game\x64\debug\game.tlog\cl.command.1.tlog
c:\users\kbc16b18\documents\ゲームpg\actiongame\game\game\x64\debug\game.tlog\cl.read.1.tlog
c:\users\kbc16b18\documents\ゲームpg\actiongame\game\game\x64\debug\game.tlog\cl.write.1.tlog
c:\users\kbc16b18\documents\ゲームpg\actiongame\game\game\x64\debug\game.tlog\link.command.1.tlog
c:\users\kbc16b18\documents\ゲームpg\actiongame\game\game\x64\debug\game.tlog\link.read.1.tlog
c:\users\kbc16b18\documents\ゲームpg\actiongame\game\game\x64\debug\game.tlog\link.write.1.tlog
