c:\users\kbc16b18\documents\ゲームpg\actiongame\tkengine\bulletphysics\src\bulletdynamics\x64\release\btsimpledynamicsworld.obj
c:\users\kbc16b18\documents\ゲームpg\actiongame\tkengine\bulletphysics\src\bulletdynamics\x64\release\btrigidbody.obj
c:\users\kbc16b18\documents\ゲームpg\actiongame\tkengine\bulletphysics\src\bulletdynamics\x64\release\btdiscretedynamicsworld.obj
c:\users\kbc16b18\documents\ゲームpg\actiongame\tkengine\bulletphysics\src\bulletdynamics\x64\release\btuniversalconstraint.obj
c:\users\kbc16b18\documents\ゲームpg\actiongame\tkengine\bulletphysics\src\bulletdynamics\x64\release\bttypedconstraint.obj
c:\users\kbc16b18\documents\ゲームpg\actiongame\tkengine\bulletphysics\src\bulletdynamics\x64\release\btsolve2linearconstraint.obj
c:\users\kbc16b18\documents\ゲームpg\actiongame\tkengine\bulletphysics\src\bulletdynamics\x64\release\btsliderconstraint.obj
c:\users\kbc16b18\documents\ゲームpg\actiongame\tkengine\bulletphysics\src\bulletdynamics\x64\release\btsequentialimpulseconstraintsolver.obj
c:\users\kbc16b18\documents\ゲームpg\actiongame\tkengine\bulletphysics\src\bulletdynamics\x64\release\btpoint2pointconstraint.obj
c:\users\kbc16b18\documents\ゲームpg\actiongame\tkengine\bulletphysics\src\bulletdynamics\x64\release\btnncgconstraintsolver.obj
c:\users\kbc16b18\documents\ゲームpg\actiongame\tkengine\bulletphysics\src\bulletdynamics\x64\release\bthingeconstraint.obj
c:\users\kbc16b18\documents\ゲームpg\actiongame\tkengine\bulletphysics\src\bulletdynamics\x64\release\bthinge2constraint.obj
c:\users\kbc16b18\documents\ゲームpg\actiongame\tkengine\bulletphysics\src\bulletdynamics\x64\release\btgeneric6dofspringconstraint.obj
c:\users\kbc16b18\documents\ゲームpg\actiongame\tkengine\bulletphysics\src\bulletdynamics\x64\release\btgeneric6dofspring2constraint.obj
c:\users\kbc16b18\documents\ゲームpg\actiongame\tkengine\bulletphysics\src\bulletdynamics\x64\release\btgeneric6dofconstraint.obj
c:\users\kbc16b18\documents\ゲームpg\actiongame\tkengine\bulletphysics\src\bulletdynamics\x64\release\btgearconstraint.obj
c:\users\kbc16b18\documents\ゲームpg\actiongame\tkengine\bulletphysics\src\bulletdynamics\x64\release\btfixedconstraint.obj
c:\users\kbc16b18\documents\ゲームpg\actiongame\tkengine\bulletphysics\src\bulletdynamics\x64\release\btcontactconstraint.obj
c:\users\kbc16b18\documents\ゲームpg\actiongame\tkengine\bulletphysics\src\bulletdynamics\x64\release\btconetwistconstraint.obj
c:\users\kbc16b18\documents\ゲームpg\actiongame\tkengine\bulletphysics\src\bulletdynamics\x64\release\btkinematiccharactercontroller.obj
c:\users\kbc16b18\documents\ゲームpg\actiongame\tkengine\bulletphysics\src\bulletdynamics\x64\release\btwheelinfo.obj
c:\users\kbc16b18\documents\ゲームpg\actiongame\tkengine\bulletphysics\src\bulletdynamics\x64\release\btraycastvehicle.obj
c:\users\kbc16b18\documents\ゲームpg\actiongame\tkengine\bulletphysics\src\bulletdynamics\x64\release\btmlcpsolver.obj
c:\users\kbc16b18\documents\ゲームpg\actiongame\tkengine\bulletphysics\src\bulletdynamics\x64\release\btlemkealgorithm.obj
c:\users\kbc16b18\documents\ゲームpg\actiongame\tkengine\bulletphysics\src\bulletdynamics\x64\release\btdantziglcp.obj
c:\users\kbc16b18\documents\ゲームpg\actiongame\tkengine\bulletphysics\src\bulletdynamics\x64\release\btmultibodypoint2point.obj
c:\users\kbc16b18\documents\ゲームpg\actiongame\tkengine\bulletphysics\src\bulletdynamics\x64\release\btmultibodyjointmotor.obj
c:\users\kbc16b18\documents\ゲームpg\actiongame\tkengine\bulletphysics\src\bulletdynamics\x64\release\btmultibodyjointlimitconstraint.obj
c:\users\kbc16b18\documents\ゲームpg\actiongame\tkengine\bulletphysics\src\bulletdynamics\x64\release\btmultibodydynamicsworld.obj
c:\users\kbc16b18\documents\ゲームpg\actiongame\tkengine\bulletphysics\src\bulletdynamics\x64\release\btmultibodyconstraintsolver.obj
c:\users\kbc16b18\documents\ゲームpg\actiongame\tkengine\bulletphysics\src\bulletdynamics\x64\release\btmultibodyconstraint.obj
c:\users\kbc16b18\documents\ゲームpg\actiongame\tkengine\bulletphysics\src\bulletdynamics\x64\release\btmultibody.obj
c:\users\kbc16b18\documents\ゲームpg\actiongame\game\x64\release\bulletdynamics.lib
c:\users\kbc16b18\documents\ゲームpg\actiongame\tkengine\bulletphysics\src\bulletdynamics\x64\release\bulletdynamics.tlog\cl.command.1.tlog
c:\users\kbc16b18\documents\ゲームpg\actiongame\tkengine\bulletphysics\src\bulletdynamics\x64\release\bulletdynamics.tlog\cl.read.1.tlog
c:\users\kbc16b18\documents\ゲームpg\actiongame\tkengine\bulletphysics\src\bulletdynamics\x64\release\bulletdynamics.tlog\cl.write.1.tlog
c:\users\kbc16b18\documents\ゲームpg\actiongame\tkengine\bulletphysics\src\bulletdynamics\x64\release\bulletdynamics.tlog\lib-link.read.1.tlog
c:\users\kbc16b18\documents\ゲームpg\actiongame\tkengine\bulletphysics\src\bulletdynamics\x64\release\bulletdynamics.tlog\lib-link.write.1.tlog
c:\users\kbc16b18\documents\ゲームpg\actiongame\tkengine\bulletphysics\src\bulletdynamics\x64\release\bulletdynamics.tlog\lib.command.1.tlog
