c:\users\kbc16b18\documents\ゲームpg\actiongame\tkengine\bulletphysics\src\bulletcollision\x64\release\btcompoundcompoundcollisionalgorithm.obj
c:\users\kbc16b18\documents\ゲームpg\actiongame\tkengine\bulletphysics\src\bulletcollision\x64\release\btcompoundcollisionalgorithm.obj
c:\users\kbc16b18\documents\ゲームpg\actiongame\tkengine\bulletphysics\src\bulletcollision\x64\release\btcollisionworldimporter.obj
c:\users\kbc16b18\documents\ゲームpg\actiongame\tkengine\bulletphysics\src\bulletcollision\x64\release\btcollisionworld.obj
c:\users\kbc16b18\documents\ゲームpg\actiongame\tkengine\bulletphysics\src\bulletcollision\x64\release\btcollisionobject.obj
c:\users\kbc16b18\documents\ゲームpg\actiongame\tkengine\bulletphysics\src\bulletcollision\x64\release\btcollisiondispatcher.obj
c:\users\kbc16b18\documents\ゲームpg\actiongame\tkengine\bulletphysics\src\bulletcollision\x64\release\btboxboxdetector.obj
c:\users\kbc16b18\documents\ゲームpg\actiongame\tkengine\bulletphysics\src\bulletcollision\x64\release\btboxboxcollisionalgorithm.obj
c:\users\kbc16b18\documents\ゲームpg\actiongame\tkengine\bulletphysics\src\bulletcollision\x64\release\btbox2dbox2dcollisionalgorithm.obj
c:\users\kbc16b18\documents\ゲームpg\actiongame\tkengine\bulletphysics\src\bulletcollision\x64\release\btactivatingcollisionalgorithm.obj
c:\users\kbc16b18\documents\ゲームpg\actiongame\tkengine\bulletphysics\src\bulletcollision\x64\release\btsimplebroadphase.obj
c:\users\kbc16b18\documents\ゲームpg\actiongame\tkengine\bulletphysics\src\bulletcollision\x64\release\btquantizedbvh.obj
c:\users\kbc16b18\documents\ゲームpg\actiongame\tkengine\bulletphysics\src\bulletcollision\x64\release\btoverlappingpaircache.obj
c:\users\kbc16b18\documents\ゲームpg\actiongame\tkengine\bulletphysics\src\bulletcollision\x64\release\btmultisapbroadphase.obj
c:\users\kbc16b18\documents\ゲームpg\actiongame\tkengine\bulletphysics\src\bulletcollision\x64\release\btdispatcher.obj
c:\users\kbc16b18\documents\ゲームpg\actiongame\tkengine\bulletphysics\src\bulletcollision\x64\release\btdbvtbroadphase.obj
c:\users\kbc16b18\documents\ゲームpg\actiongame\tkengine\bulletphysics\src\bulletcollision\x64\release\btdbvt.obj
c:\users\kbc16b18\documents\ゲームpg\actiongame\tkengine\bulletphysics\src\bulletcollision\x64\release\btcollisionalgorithm.obj
c:\users\kbc16b18\documents\ゲームpg\actiongame\tkengine\bulletphysics\src\bulletcollision\x64\release\btbroadphaseproxy.obj
c:\users\kbc16b18\documents\ゲームpg\actiongame\tkengine\bulletphysics\src\bulletcollision\x64\release\btaxissweep3.obj
c:\users\kbc16b18\documents\ゲームpg\actiongame\tkengine\bulletphysics\src\bulletcollision\x64\release\btcapsuleshape.obj
c:\users\kbc16b18\documents\ゲームpg\actiongame\tkengine\bulletphysics\src\bulletcollision\x64\release\btbvhtrianglemeshshape.obj
c:\users\kbc16b18\documents\ゲームpg\actiongame\tkengine\bulletphysics\src\bulletcollision\x64\release\btboxshape.obj
c:\users\kbc16b18\documents\ゲームpg\actiongame\tkengine\bulletphysics\src\bulletcollision\x64\release\btbox2dshape.obj
c:\users\kbc16b18\documents\ゲームpg\actiongame\tkengine\bulletphysics\src\bulletcollision\x64\release\spheretriangledetector.obj
c:\users\kbc16b18\documents\ゲームpg\actiongame\tkengine\bulletphysics\src\bulletcollision\x64\release\btunionfind.obj
c:\users\kbc16b18\documents\ゲームpg\actiongame\tkengine\bulletphysics\src\bulletcollision\x64\release\btspheretrianglecollisionalgorithm.obj
c:\users\kbc16b18\documents\ゲームpg\actiongame\tkengine\bulletphysics\src\bulletcollision\x64\release\btspherespherecollisionalgorithm.obj
c:\users\kbc16b18\documents\ゲームpg\actiongame\tkengine\bulletphysics\src\bulletcollision\x64\release\btsphereboxcollisionalgorithm.obj
c:\users\kbc16b18\documents\ゲームpg\actiongame\tkengine\bulletphysics\src\bulletcollision\x64\release\btsimulationislandmanager.obj
c:\users\kbc16b18\documents\ゲームpg\actiongame\tkengine\bulletphysics\src\bulletcollision\x64\release\btmanifoldresult.obj
c:\users\kbc16b18\documents\ゲームpg\actiongame\tkengine\bulletphysics\src\bulletcollision\x64\release\btinternaledgeutility.obj
c:\users\kbc16b18\documents\ゲームpg\actiongame\tkengine\bulletphysics\src\bulletcollision\x64\release\bthashedsimplepaircache.obj
c:\users\kbc16b18\documents\ゲームpg\actiongame\tkengine\bulletphysics\src\bulletcollision\x64\release\btghostobject.obj
c:\users\kbc16b18\documents\ゲームpg\actiongame\tkengine\bulletphysics\src\bulletcollision\x64\release\btemptycollisionalgorithm.obj
c:\users\kbc16b18\documents\ゲームpg\actiongame\tkengine\bulletphysics\src\bulletcollision\x64\release\btdefaultcollisionconfiguration.obj
c:\users\kbc16b18\documents\ゲームpg\actiongame\tkengine\bulletphysics\src\bulletcollision\x64\release\btconvexplanecollisionalgorithm.obj
c:\users\kbc16b18\documents\ゲームpg\actiongame\tkengine\bulletphysics\src\bulletcollision\x64\release\btconvexconvexalgorithm.obj
c:\users\kbc16b18\documents\ゲームpg\actiongame\tkengine\bulletphysics\src\bulletcollision\x64\release\btconvexconcavecollisionalgorithm.obj
c:\users\kbc16b18\documents\ゲームpg\actiongame\tkengine\bulletphysics\src\bulletcollision\x64\release\btconvex2dconvex2dalgorithm.obj
c:\users\kbc16b18\documents\ゲームpg\actiongame\tkengine\bulletphysics\src\bulletcollision\x64\release\btscaledbvhtrianglemeshshape.obj
c:\users\kbc16b18\documents\ゲームpg\actiongame\tkengine\bulletphysics\src\bulletcollision\x64\release\btpolyhedralconvexshape.obj
c:\users\kbc16b18\documents\ゲームpg\actiongame\tkengine\bulletphysics\src\bulletcollision\x64\release\btoptimizedbvh.obj
c:\users\kbc16b18\documents\ゲームpg\actiongame\tkengine\bulletphysics\src\bulletcollision\x64\release\btmultisphereshape.obj
c:\users\kbc16b18\documents\ゲームpg\actiongame\tkengine\bulletphysics\src\bulletcollision\x64\release\btmultimaterialtrianglemeshshape.obj
c:\users\kbc16b18\documents\ゲームpg\actiongame\tkengine\bulletphysics\src\bulletcollision\x64\release\btminkowskisumshape.obj
c:\users\kbc16b18\documents\ゲームpg\actiongame\tkengine\bulletphysics\src\bulletcollision\x64\release\btheightfieldterrainshape.obj
c:\users\kbc16b18\documents\ゲームpg\actiongame\tkengine\bulletphysics\src\bulletcollision\x64\release\btemptyshape.obj
c:\users\kbc16b18\documents\ゲームpg\actiongame\tkengine\bulletphysics\src\bulletcollision\x64\release\btcylindershape.obj
c:\users\kbc16b18\documents\ゲームpg\actiongame\tkengine\bulletphysics\src\bulletcollision\x64\release\btconvextrianglemeshshape.obj
c:\users\kbc16b18\documents\ゲームpg\actiongame\tkengine\bulletphysics\src\bulletcollision\x64\release\btconvexshape.obj
c:\users\kbc16b18\documents\ゲームpg\actiongame\tkengine\bulletphysics\src\bulletcollision\x64\release\btconvexpolyhedron.obj
c:\users\kbc16b18\documents\ゲームpg\actiongame\tkengine\bulletphysics\src\bulletcollision\x64\release\btconvexpointcloudshape.obj
c:\users\kbc16b18\documents\ゲームpg\actiongame\tkengine\bulletphysics\src\bulletcollision\x64\release\btconvexinternalshape.obj
c:\users\kbc16b18\documents\ゲームpg\actiongame\tkengine\bulletphysics\src\bulletcollision\x64\release\btconvexhullshape.obj
c:\users\kbc16b18\documents\ゲームpg\actiongame\tkengine\bulletphysics\src\bulletcollision\x64\release\btconvex2dshape.obj
c:\users\kbc16b18\documents\ゲームpg\actiongame\tkengine\bulletphysics\src\bulletcollision\x64\release\btconeshape.obj
c:\users\kbc16b18\documents\ゲームpg\actiongame\tkengine\bulletphysics\src\bulletcollision\x64\release\btconcaveshape.obj
c:\users\kbc16b18\documents\ゲームpg\actiongame\tkengine\bulletphysics\src\bulletcollision\x64\release\btcompoundshape.obj
c:\users\kbc16b18\documents\ゲームpg\actiongame\tkengine\bulletphysics\src\bulletcollision\x64\release\btcollisionshape.obj
c:\users\kbc16b18\documents\ゲームpg\actiongame\tkengine\bulletphysics\src\bulletcollision\x64\release\gim_box_set.obj
c:\users\kbc16b18\documents\ゲームpg\actiongame\tkengine\bulletphysics\src\bulletcollision\x64\release\bttriangleshapeex.obj
c:\users\kbc16b18\documents\ゲームpg\actiongame\tkengine\bulletphysics\src\bulletcollision\x64\release\btgimpactshape.obj
c:\users\kbc16b18\documents\ゲームpg\actiongame\tkengine\bulletphysics\src\bulletcollision\x64\release\btgimpactquantizedbvh.obj
c:\users\kbc16b18\documents\ゲームpg\actiongame\tkengine\bulletphysics\src\bulletcollision\x64\release\btgimpactcollisionalgorithm.obj
c:\users\kbc16b18\documents\ゲームpg\actiongame\tkengine\bulletphysics\src\bulletcollision\x64\release\btgimpactbvh.obj
c:\users\kbc16b18\documents\ゲームpg\actiongame\tkengine\bulletphysics\src\bulletcollision\x64\release\btgenericpoolallocator.obj
c:\users\kbc16b18\documents\ゲームpg\actiongame\tkengine\bulletphysics\src\bulletcollision\x64\release\btcontactprocessing.obj
c:\users\kbc16b18\documents\ゲームpg\actiongame\tkengine\bulletphysics\src\bulletcollision\x64\release\btuniformscalingshape.obj
c:\users\kbc16b18\documents\ゲームpg\actiongame\tkengine\bulletphysics\src\bulletcollision\x64\release\bttrianglemeshshape.obj
c:\users\kbc16b18\documents\ゲームpg\actiongame\tkengine\bulletphysics\src\bulletcollision\x64\release\bttrianglemesh.obj
c:\users\kbc16b18\documents\ゲームpg\actiongame\tkengine\bulletphysics\src\bulletcollision\x64\release\bttriangleindexvertexmaterialarray.obj
c:\users\kbc16b18\documents\ゲームpg\actiongame\tkengine\bulletphysics\src\bulletcollision\x64\release\bttriangleindexvertexarray.obj
c:\users\kbc16b18\documents\ゲームpg\actiongame\tkengine\bulletphysics\src\bulletcollision\x64\release\bttrianglecallback.obj
c:\users\kbc16b18\documents\ゲームpg\actiongame\tkengine\bulletphysics\src\bulletcollision\x64\release\bttrianglebuffer.obj
c:\users\kbc16b18\documents\ゲームpg\actiongame\tkengine\bulletphysics\src\bulletcollision\x64\release\bttetrahedronshape.obj
c:\users\kbc16b18\documents\ゲームpg\actiongame\tkengine\bulletphysics\src\bulletcollision\x64\release\btstridingmeshinterface.obj
c:\users\kbc16b18\documents\ゲームpg\actiongame\tkengine\bulletphysics\src\bulletcollision\x64\release\btstaticplaneshape.obj
c:\users\kbc16b18\documents\ゲームpg\actiongame\tkengine\bulletphysics\src\bulletcollision\x64\release\btsphereshape.obj
c:\users\kbc16b18\documents\ゲームpg\actiongame\tkengine\bulletphysics\src\bulletcollision\x64\release\btshapehull.obj
c:\users\kbc16b18\documents\ゲームpg\actiongame\tkengine\bulletphysics\src\bulletcollision\x64\release\btvoronoisimplexsolver.obj
c:\users\kbc16b18\documents\ゲームpg\actiongame\tkengine\bulletphysics\src\bulletcollision\x64\release\btsubsimplexconvexcast.obj
c:\users\kbc16b18\documents\ゲームpg\actiongame\tkengine\bulletphysics\src\bulletcollision\x64\release\btraycastcallback.obj
c:\users\kbc16b18\documents\ゲームpg\actiongame\tkengine\bulletphysics\src\bulletcollision\x64\release\btpolyhedralcontactclipping.obj
c:\users\kbc16b18\documents\ゲームpg\actiongame\tkengine\bulletphysics\src\bulletcollision\x64\release\btpersistentmanifold.obj
c:\users\kbc16b18\documents\ゲームpg\actiongame\tkengine\bulletphysics\src\bulletcollision\x64\release\btminkowskipenetrationdepthsolver.obj
c:\users\kbc16b18\documents\ゲームpg\actiongame\tkengine\bulletphysics\src\bulletcollision\x64\release\btgjkpairdetector.obj
c:\users\kbc16b18\documents\ゲームpg\actiongame\tkengine\bulletphysics\src\bulletcollision\x64\release\btgjkepapenetrationdepthsolver.obj
c:\users\kbc16b18\documents\ゲームpg\actiongame\tkengine\bulletphysics\src\bulletcollision\x64\release\btgjkepa2.obj
c:\users\kbc16b18\documents\ゲームpg\actiongame\tkengine\bulletphysics\src\bulletcollision\x64\release\btgjkconvexcast.obj
c:\users\kbc16b18\documents\ゲームpg\actiongame\tkengine\bulletphysics\src\bulletcollision\x64\release\btconvexcast.obj
c:\users\kbc16b18\documents\ゲームpg\actiongame\tkengine\bulletphysics\src\bulletcollision\x64\release\btcontinuousconvexcollision.obj
c:\users\kbc16b18\documents\ゲームpg\actiongame\tkengine\bulletphysics\src\bulletcollision\x64\release\gim_tri_collision.obj
c:\users\kbc16b18\documents\ゲームpg\actiongame\tkengine\bulletphysics\src\bulletcollision\x64\release\gim_memory.obj
c:\users\kbc16b18\documents\ゲームpg\actiongame\tkengine\bulletphysics\src\bulletcollision\x64\release\gim_contact.obj
c:\users\kbc16b18\documents\ゲームpg\actiongame\game\x64\release\bulletcollision.lib
c:\users\kbc16b18\documents\ゲームpg\actiongame\tkengine\bulletphysics\src\bulletcollision\x64\release\bulletcollision.tlog\cl.command.1.tlog
c:\users\kbc16b18\documents\ゲームpg\actiongame\tkengine\bulletphysics\src\bulletcollision\x64\release\bulletcollision.tlog\cl.read.1.tlog
c:\users\kbc16b18\documents\ゲームpg\actiongame\tkengine\bulletphysics\src\bulletcollision\x64\release\bulletcollision.tlog\cl.write.1.tlog
c:\users\kbc16b18\documents\ゲームpg\actiongame\tkengine\bulletphysics\src\bulletcollision\x64\release\bulletcollision.tlog\lib-link.read.1.tlog
c:\users\kbc16b18\documents\ゲームpg\actiongame\tkengine\bulletphysics\src\bulletcollision\x64\release\bulletcollision.tlog\lib-link.write.1.tlog
c:\users\kbc16b18\documents\ゲームpg\actiongame\tkengine\bulletphysics\src\bulletcollision\x64\release\bulletcollision.tlog\lib.command.1.tlog
